生成启动时间为 2017/4/26 16:29:38。
     1>项目“C:\Users\zhang\Documents\Visual Studio 2013\Projects\传智播客代码\队列的链式存储\队列的链式存储\队列的链式存储.vcxproj”在节点 2 上(Build 个目标)。
     1>ClCompile:
         D:\Program Files (x86)\Microsoft Visual Studio 12.0\VC\bin\CL.exe /c /ZI /nologo /W3 /WX- /sdl /Od /Oy- /D WIN32 /D _DEBUG /D _CONSOLE /D _LIB /D _UNICODE /D UNICODE /Gm /EHsc /RTC1 /MDd /GS /fp:precise /Zc:wchar_t /Zc:forScope /Fo"Debug\\" /Fd"Debug\vc120.pdb" /Gd /TC /analyze- /errorReport:prompt LinkQueue.c "链式队列.c"
         链式队列.c
         LinkQueue.c
     1>c:\users\zhang\documents\visual studio 2013\projects\传智播客代码\队列的链式存储\队列的链式存储\linkqueue.c(64): warning C4033: “Front_LinkQueue”必须返回值
     1>c:\users\zhang\documents\visual studio 2013\projects\传智播客代码\队列的链式存储\队列的链式存储\linkqueue.c(70): warning C4033: “Back_LinkQueue”必须返回值
     1>c:\users\zhang\documents\visual studio 2013\projects\传智播客代码\队列的链式存储\队列的链式存储\linkqueue.c(76): warning C4098: “Destroy_LinkQueue”:“void”函数返回值
         正在生成代码...
     1>c:\users\zhang\documents\visual studio 2013\projects\传智播客代码\队列的链式存储\队列的链式存储\linkqueue.c(27): warning C4716: “Init_LinkQueue”: 必须返回一个值
     1>c:\users\zhang\documents\visual studio 2013\projects\传智播客代码\队列的链式存储\队列的链式存储\linkqueue.c(66): warning C4715: “Front_LinkQueue”: 不是所有的控件路径都返回值
     1>c:\users\zhang\documents\visual studio 2013\projects\传智播客代码\队列的链式存储\队列的链式存储\linkqueue.c(72): warning C4715: “Back_LinkQueue”: 不是所有的控件路径都返回值
       Link:
         D:\Program Files (x86)\Microsoft Visual Studio 12.0\VC\bin\link.exe /ERRORREPORT:PROMPT /OUT:"C:\Users\zhang\Documents\Visual Studio 2013\Projects\传智播客代码\队列的链式存储\Debug\队列的链式存储.exe" /INCREMENTAL /NOLOGO kernel32.lib user32.lib gdi32.lib winspool.lib comdlg32.lib advapi32.lib shell32.lib ole32.lib oleaut32.lib uuid.lib odbc32.lib odbccp32.lib /MANIFEST /MANIFESTUAC:"level='asInvoker' uiAccess='false'" /manifest:embed /DEBUG /PDB:"C:\Users\zhang\Documents\Visual Studio 2013\Projects\传智播客代码\队列的链式存储\Debug\队列的链式存储.pdb" /SUBSYSTEM:CONSOLE /TLBID:1 /DYNAMICBASE /NXCOMPAT /IMPLIB:"C:\Users\zhang\Documents\Visual Studio 2013\Projects\传智播客代码\队列的链式存储\Debug\队列的链式存储.lib" /MACHINE:X86 Debug\LinkQueue.obj
         "Debug\链式队列.obj"
         队列的链式存储.vcxproj -> C:\Users\zhang\Documents\Visual Studio 2013\Projects\传智播客代码\队列的链式存储\Debug\队列的链式存储.exe
     1>已完成生成项目“C:\Users\zhang\Documents\Visual Studio 2013\Projects\传智播客代码\队列的链式存储\队列的链式存储\队列的链式存储.vcxproj”(Build 个目标)的操作。

生成成功。

已用时间 00:00:04.99
